Phar Lap Macro Assembler  Version 4.0           Fri Jun  4 08:57:45 2010

                                                              Page    1-1


                                ; appl.asm dwg -  
                                 
                                ; This module is an example application program
                                 written 
                                ; to run under dougdos. It uses bios calls. 
                                 
                                	.8086 
                                	ASSUME	cs:cseg 
 0000                           cseg	SEGMENT	word public 
                                	include dougbios.equ 
                              I ; dougbios.equ 
 0100                         I 	org	100h 
 0100                         I cold: 
 0104                         I 	org	104h 
 0104                         I warm: 
 0108                         I 	org	108h 
 0108                         I const: 
 010C                         I 	org	10ch 
 010C                         I conin: 
 0110                         I 	org	110h 
 0110                         I conout: 
 0114                         I 	org	114h 
 0114                         I msgout: 
 0118                         I 	org	118h 
 0118                         I loadngo: 
 011C                         I 	org	11ch 
 011C                         I term: 
                              I ; eof - dougbios.equ 
                                	include	dougdos.equ 
                              I ; dougdos.equ 
 = 0100                       I LOADSIZE	equ	100h 
 = 0300                       I BIOSSIZE	equ	300h 
 = FBFF                       I DOSSIZE		equ	0FFFFH-BIOSSIZE-LOADSIZE 
 = 0800                       I TPA		equ	0800h 
                              I  
                              I ; 
 = 0000                       I DOSVER		equ	0 
 = 0001                       I RUNXEQ		equ	1 
 = 0002                       I MSGOUT		equ	2 
                              I  
                              I  
                              I ;	org	LOADSIZE+BIOSSIZE+4 
                              I ;dos_func: 
                              I  
                              I ; eof - dougdos.equ 
                                	include appl.equ 
                              I  
 0404                         I 	org	LOADSIZE+BIOSSIZE+4 
 0404                         I dos_func: 
 0800                           	org	TPA 
                                	 
 0800                           main:	 
                                 
                                ;       Using BIOS calls 
Phar Lap Macro Assembler  Version 4.0           Fri Jun  4 08:57:45 2010

                                                              Page    1-2


                                ;	mov	dx,offset sine 
                                ;	call	msgout 
                                	 
                                ;	Using DOS calls 
 0800  B0 02                    	mov	al,2 
 0802  BA 080B R                	mov	dx,offset sine 
 0805  E8 FBFC                  	call	dos_func	 
                                	 
 0808  E9 F911                  	jmp	term 
                                 
 080B  2D 2D 2D 2D 2D 2D 2D     sine	db '--------------------------------------
                                ------------',0dh,0ah 
       2D 2D 2D 2D 2D 2D 2D 
       2D 2D 2D 2D 2D 2D 2D 
       2D 2D 2D 2D 2D 2D 2D 
       2D 2D 2D 2D 2D 2D 2D 
       2D 2D 2D 2D 2D 2D 2D 
       2D 2D 2D 2D 2D 2D 2D 
       2D 0D 0A 
 083F  56 69 72 74 75 61 6C     	db 'Virtual Protocol Adapter Doug''s APPL  Ver
                                sion 1.4a',0dh,0ah 
       20 50 72 6F 74 6F 63 
       6F 6C 20 41 64 61 70 
       74 65 72 20 44 6F 75 
       67 27 73 20 41 50 50 
       4C 20 20 56 65 72 73 
       69 6F 6E 20 31 2E 34 
       61 0D 0A 
 0873  53 65 72 69 61 6C 20     	db 'Serial No. XXXX-0000-654321    All Rights 
                                Reserved',0dh,0ah 
       4E 6F 2E 20 58 58 58 
       58 2D 30 30 30 30 2D 
       36 35 34 33 32 31 20 
       20 20 20 41 6C 6C 20 
       52 69 67 68 74 73 20 
       52 65 73 65 72 76 65 
       64 0D 0A 
 08A7  43 6F 70 79 72 69 67     	db 'Copyright (C) 1991-2010 6/4/2010 Douglas W
                                 Goodall',0dh,0ah 
       68 74 20 28 43 29 20 
       31 39 39 31 2D 32 30 
       31 30 20 36 2F 34 2F 
       32 30 31 30 20 44 6F 
       75 67 6C 61 73 20 57 
       20 47 6F 6F 64 61 6C 
       6C 0D 0A 
 08DB  2D 2D 2D 2D 2D 2D 2D     	db '------------------------------------------
                                --------',0dh,0ah 
       2D 2D 2D 2D 2D 2D 2D 
       2D 2D 2D 2D 2D 2D 2D 
       2D 2D 2D 2D 2D 2D 2D 
       2D 2D 2D 2D 2D 2D 2D 
       2D 2D 2D 2D 2D 2D 2D 
       2D 2D 2D 2D 2D 2D 2D 
Phar Lap Macro Assembler  Version 4.0           Fri Jun  4 08:57:45 2010

                                                              Page    1-3


       2D 0D 0A 
 090F  24                       	db '$' 
                                 
 0910                           cseg	ENDS 
                                 
                                	end 
Phar Lap Macro Assembler  Version 4.0           Fri Jun  4 08:57:45 2010

                                                              Symbols-1


	GROUPS AND SEGMENTS
Name                                Size      Use    Align Combine   Class

cseg . . . . . . . . . . . . . .    00000910  USE16  WORD  PUBLIC    

	VARIABLES AND LABELS
Name                                Type      Offset    Scope   Segment

cold . . . . . . . . . . . . . .    N LABEL   00000100  Prvate  cseg
conin  . . . . . . . . . . . . .    N LABEL   0000010C  Prvate  cseg
conout . . . . . . . . . . . . .    N LABEL   00000110  Prvate  cseg
const  . . . . . . . . . . . . .    N LABEL   00000108  Prvate  cseg
dos_func . . . . . . . . . . . .    N LABEL   00000404  Prvate  cseg
loadngo  . . . . . . . . . . . .    N LABEL   00000118  Prvate  cseg
main . . . . . . . . . . . . . .    N LABEL   00000800  Prvate  cseg
msgout . . . . . . . . . . . . .    N LABEL   00000114  Prvate  cseg
sine . . . . . . . . . . . . . .    BYTE      0000080B  Prvate  cseg
term . . . . . . . . . . . . . .    N LABEL   0000011C  Prvate  cseg
warm . . . . . . . . . . . . . .    N LABEL   00000104  Prvate  cseg

	CONSTANTS
Name                                Type      Value

BIOSSIZE . . . . . . . . . . . .    Integer   00000300
DEBUG  . . . . . . . . . . . . .    Text      
DOSSIZE  . . . . . . . . . . . .    Integer   0000FBFF
DOSVER . . . . . . . . . . . . .    Integer   00000000
LOADSIZE . . . . . . . . . . . .    Integer   00000100
MSGOUT . . . . . . . . . . . . .    Integer   00000002
RUNXEQ . . . . . . . . . . . . .    Integer   00000001
STK  . . . . . . . . . . . . . .    Text      64
TPA  . . . . . . . . . . . . . .    Integer   00000800


      21 Symbols
       0 Warning Errors
       0 Severe Errors
